<?xml version="1.0" encoding="UTF-8"?>
<!-- Generated by org.testng.reporters.JUnitReportReporter -->
<testsuite hostname="LAPTOP-STPLHM4L" failures="0" tests="1" name="Com.Adactin.testscripts.TC_001" time="24.707" errors="0" timestamp="6 Jan 2023 06:28:00 GMT">
  <testcase classname="Com.Adactin.testscripts.TC_001" name="tc001" time="24.707"/>
</testsuite> <!-- Com.Adactin.testscripts.TC_001 -->
